024-11-02 01:38:50 INFO [11-01|20:08:50.520] Submitted transaction                    hash=0x204aa9edf0dfb68259abf395f27484f309081d54a0df9034683a5f1c7d68cdaa from=0x2960d54C9bAD6E5d9A0fBD5dB3775E5d1128187c nonce=16 recipient=0x2E3446094f131055C761B0336aBFFa4Bbf85e10E value=0
2024-11-02 01:38:59 INFO [11-01|20:08:59.274] not posting more messages because block number or timestamp exceed L1 bounds blockNumber=6,992,302 l1BoundMaxBlockNumber=6,992,272 timestamp=1,730,491,495 l1BoundMaxTimestamp=1,730,494,576
2024-11-02 01:39:00 INFO [11-01|20:09:00.918] "✅  Tx batch is submitted to Avail"    length=13359 address=5DvKGTdAdunuoQR3jy3dLnubTXVnXN2sVUjEse9qkbv4pUH3 appID=182
2024-11-02 01:39:01 WARN [11-01|20:09:01.857] validator address isn't whitelisted      address=0x2960d54C9bAD6E5d9A0fBD5dB3775E5d1128187c txSender=0x2960d54C9bAD6E5d9A0fBD5dB3775E5d1128187c
2024-11-02 01:39:19 INFO [11-01|20:09:19.991] "📥  Submit data extrinsic included in block" blockHash=0x905a39bc311970987b794119b49ffe70e2161f370e254b14969a1ab1db9f4d58
2024-11-02 01:40:04 INFO [11-01|20:10:04.053] "📥  Submit data extrinsic included in finalized block" blockHash=0x905a39bc311970987b794119b49ffe70e2161f370e254b14969a1ab1db9f4d58
2024-11-02 01:40:04 INFO [11-01|20:10:04.491] "🏆  Data included in Avail's finalised block" blockHash=0x905a39bc311970987b794119b49ffe70e2161f370e254b14969a1ab1db9f4d58 extrinsicIndex=1
2024-11-02 01:40:04 INFO [11-01|20:10:04.633] "✅  Sucesfully included in block data to Avail" BlobPointer:="BlockHeight: 940309,  ExtrinsicIndex: 1,  DasTreeRootHash: 0x56561c3762e17c1c5ed3bc5c525d6de68608a1a81029701feb39b72a75330f56,  BlobDataKeccak265H: 0xf4a179ddf78319454d8db2d9d557187994da9fbfa7ece98f058a9ae13a98e07b,  BlobProof: DataRoot: 34e771f4d0f255c586d017e7bcc43b1ffaf8753bd3cf7f24b73641f164e8ec5f,  BlobRoot: 8380dca04ec47d1742f6dcbf63ab5c63b5437bb110e5d4267dd27f5c80af4c1d,  BridgeRoot: 0000000000000000000000000000000000000000000000000000000000000000,  LeafProof: ,  NumberOfLeaves: 1,  LeafIndex: 0,  Leaf: f4a179ddf78319454d8db2d9d557187994da9fbfa7ece98f058a9ae13a98e07b"

024-11-02 01:38:50 INFO [11-01|20:08:50.520] Submitted transaction                    hash=0x204aa9edf0dfb68259abf395f27484f309081d54a0df9034683a5f1c7d68cdaa from=0x2960d54C9bAD6E5d9A0fBD5dB3775E5d1128187c nonce=16 recipient=0x2E3446094f131055C761B0336aBFFa4Bbf85e10E value=0
2024-11-02 01:38:59 INFO [11-01|20:08:59.274] not posting more messages because block number or timestamp exceed L1 bounds blockNumber=6,992,302 l1BoundMaxBlockNumber=6,992,272 timestamp=1,730,491,495 l1BoundMaxTimestamp=1,730,494,576
2024-11-02 01:39:00 INFO [11-01|20:09:00.918] "✅  Tx batch is submitted to Avail"    length=13359 address=5DvKGTdAdunuoQR3jy3dLnubTXVnXN2sVUjEse9qkbv4pUH3 appID=182
2024-11-02 01:39:01 WARN [11-01|20:09:01.857] validator address isn't whitelisted      address=0x2960d54C9bAD6E5d9A0fBD5dB3775E5d1128187c txSender=0x2960d54C9bAD6E5d9A0fBD5dB3775E5d1128187c
2024-11-02 01:39:19 INFO [11-01|20:09:19.991] "📥  Submit data extrinsic included in block" blockHash=0x905a39bc311970987b794119b49ffe70e2161f370e254b14969a1ab1db9f4d58
2024-11-02 01:40:04 INFO [11-01|20:10:04.053] "📥  Submit data extrinsic included in finalized block" blockHash=0x905a39bc311970987b794119b49ffe70e2161f370e254b14969a1ab1db9f4d58
2024-11-02 01:40:04 INFO [11-01|20:10:04.491] "🏆  Data included in Avail's finalised block" blockHash=0x905a39bc311970987b794119b49ffe70e2161f370e254b14969a1ab1db9f4d58 extrinsicIndex=1
2024-11-02 01:40:04 INFO [11-01|20:10:04.633] "✅  Sucesfully included in block data to Avail" BlobPointer:="BlockHeight: 940309,  ExtrinsicIndex: 1,  DasTreeRootHash: 0x56561c3762e17c1c5ed3bc5c525d6de68608a1a81029701feb39b72a75330f56,  BlobDataKeccak265H: 0xf4a179ddf78319454d8db2d9d557187994da9fbfa7ece98f058a9ae13a98e07b,  BlobProof: DataRoot: 34e771f4d0f255c586d017e7bcc43b1ffaf8753bd3cf7f24b73641f164e8ec5f,  BlobRoot: 8380dca04ec47d1742f6dcbf63ab5c63b5437bb110e5d4267dd27f5c80af4c1d,  BridgeRoot: 0000000000000000000000000000000000000000000000000000000000000000,  LeafProof: ,  NumberOfLeaves: 1,  LeafIndex: 0,  Leaf: f4a179ddf78319454d8db2d9d557187994da9fbfa7ece98f058a9ae13a98e07b"

024-11-02 01:39:00 INFO [11-01|20:09:00.918] "✅  Tx batch is submitted to Avail"    length=13359 address=5DvKGTdAdunuoQR3jy3dLnubTXVnXN2sVUjEse9qkbv4pUH3 appID=182
2024-11-02 01:39:01 WARN [11-01|20:09:01.857] validator address isn't whitelisted      address=0x2960d54C9bAD6E5d9A0fBD5dB3775E5d1128187c txSender=0x2960d54C9bAD6E5d9A0fBD5dB3775E5d1128187c
2024-11-02 01:39:19 INFO [11-01|20:09:19.991] "📥  Submit data extrinsic included in block" blockHash=0x905a39bc311970987b794119b49ffe70e2161f370e254b14969a1ab1db9f4d58
2024-11-02 01:40:04 INFO [11-01|20:10:04.053] "📥  Submit data extrinsic included in finalized block" blockHash=0x905a39bc311970987b794119b49ffe70e2161f370e254b14969a1ab1db9f4d58
2024-11-02 01:40:04 INFO [11-01|20:10:04.491] "🏆  Data included in Avail's finalised block" blockHash=0x905a39bc311970987b794119b49ffe70e2161f370e254b14969a1ab1db9f4d58 extrinsicIndex=1
2024-11-02 01:40:04 INFO [11-01|20:10:04.633] "✅  Sucesfully included in block data to Avail" BlobPointer:="BlockHeight: 940309,  ExtrinsicIndex: 1,  DasTreeRootHash: 0x56561c3762e17c1c5ed3bc5c525d6de68608a1a81029701feb39b72a75330f56,  BlobDataKeccak265H: 0xf4a179ddf78319454d8db2d9d557187994da9fbfa7ece98f058a9ae13a98e07b,  BlobProof: DataRoot: 34e771f4d0f255c586d017e7bcc43b1ffaf8753bd3cf7f24b73641f164e8ec5f,  BlobRoot: 8380dca04ec47d1742f6dcbf63ab5c63b5437bb110e5d4267dd27f5c80af4c1d,  BridgeRoot: 0000000000000000000000000000000000000000000000000000000000000000,  LeafProof: ,  NumberOfLeaves: 1,  LeafIndex: 0,  Leaf: f4a179ddf78319454d8db2d9d557187994da9fbfa7ece98f058a9ae13a98e07b"